<?xml version="1.0" encoding="UTF-8"?>
<!-- Generated by org.testng.reporters.JUnitReportReporter -->
<testsuite hostname="BHANU-LAPTOP" failures="0" tests="1" name="script.ValidLogin" time="16.142" errors="0" timestamp="2022-09-05T20:00:52 IST" skipped="0">
  <testcase classname="script.ValidLogin" name="testValidLogin" time="16.142"/>
  <system-out>
    <![CDATA[Logout link is visible]]>
  </system-out>
</testsuite> <!-- script.ValidLogin -->
