<?xml version="1.0" encoding="UTF-8"?>
<!-- Generated by org.testng.reporters.JUnitReportReporter -->
<testsuite hostname="BHANU-LAPTOP" failures="0" tests="1" name="script.InvalidLogin" time="17.509" errors="0" timestamp="2022-09-05T20:00:52 IST" skipped="0">
  <testcase classname="script.InvalidLogin" name="testInvalidLogin" time="17.509"/>
  <system-out>
    <![CDATA[Err Msg is Displayed]]>
  </system-out>
</testsuite> <!-- script.InvalidLogin -->
